
[2016-08-24 17:30:31]Http Server running at http://localhost:1234/
[2016-08-24 17:30:31]GET /
[2016-08-24 17:30:31]GET /favicon.ico
[2016-08-24 17:30:31]404 Not Found: /favicon.ico
[2016-08-24 17:30:35]GET /index.html
[2016-08-24 17:30:35]GET /dist/css/vendor/bootstrap/css/bootstrap.min.css
[2016-08-24 17:30:35]GET /dist/css/flat-ui.css
[2016-08-24 17:30:35]GET /docs/assets/css/demo.css
[2016-08-24 17:30:35]GET /dist/js/vendor/jquery.min.js
[2016-08-24 17:30:35]GET /dist/js/vendor/video.js
[2016-08-24 17:30:35]GET /dist/js/flat-ui.min.js
[2016-08-24 17:30:35]GET /docs/assets/js/application.js
[2016-08-24 17:30:35]GET /docs/assets/img/example-image.jpg
[2016-08-24 17:30:35]GET /img/icons/svg/toilet-paper.svg
[2016-08-24 17:30:35]GET /dist/fonts/lato/lato-regular.woff
[2016-08-24 17:30:35]GET /dist/fonts/lato/lato-bold.woff
[2016-08-24 17:30:35]GET /dist/fonts/glyphicons/flat-ui-icons-regular.woff
[2016-08-24 17:30:35]GET /img/icons/svg/gift-box.svg
[2016-08-24 17:30:36]GET /dist/fonts/lato/lato-bolditalic.woff
[2016-08-24 17:30:36]GET /dist/fonts/lato/lato-italic.woff
[2016-08-24 17:30:36]GET /dist/fonts/lato/lato-light.woff
[2016-08-24 17:30:36]GET /img/icons/svg/pencils.svg
[2016-08-24 17:30:36]GET /img/icons/svg/clipboard.svg
[2016-08-24 17:30:36]GET /img/icons/svg/retina.svg
[2016-08-24 17:30:36]GET /img/icons/svg/compas.svg
[2016-08-24 17:30:36]GET /img/icons/svg/map.svg
[2016-08-24 17:30:37]GET /img/icons/svg/chat.svg
[2016-08-24 17:30:37]GET /img/icons/svg/mail.svg
[2016-08-24 17:30:37]GET /img/icons/svg/book.svg
[2016-08-24 17:30:37]GET /img/icons/svg/calendar.svg
[2016-08-24 17:30:37]GET /img/icons/svg/paper-bag.svg
[2016-08-24 17:30:37]GET /img/icons/svg/clocks.svg
[2016-08-24 17:30:37]GET /img/icons/svg/loop.svg
[2016-08-24 17:30:37]GET /docs/assets/img/video/poster.jpg
[2016-08-24 17:30:37]GET /img/icons/svg/ribbon.svg
[2016-08-24 17:30:37]GET /img/login/icon.png
[2016-08-24 17:30:37]GET /docs/assets/img/demo/browser-pic-1.jpg
[2016-08-24 17:30:37]GET /docs/assets/img/demo/browser-pic-2.jpg
[2016-08-24 17:30:37]GET /docs/assets/img/demo/browser-pic-3.jpg
[2016-08-24 17:30:37]GET /docs/assets/img/demo/browser-pic-4.jpg
[2016-08-24 17:30:37]GET /docs/assets/img/demo/browser-pic-5.jpg
[2016-08-24 17:30:37]GET /docs/assets/img/demo/browser-pic-6.jpg
[2016-08-24 17:30:37]GET /docs/assets/img/demo/html-icon.png
[2016-08-24 17:30:37]GET /docs/assets/img/footer/logo.png
[2016-08-24 17:30:37]GET /docs/assets/img/demo/logo-mask.png
[2016-08-24 17:30:37]GET /dist/img/login/imac.png
[2016-08-24 17:30:37]GET /docs/assets/img/demo/browser.png
[2016-08-24 17:30:37]GET /docs/assets/img/demo/browser-author.jpg
[2016-08-24 17:30:56]GET /img/favicon.ico
[2016-08-24 17:31:32]GET /dist/css/vendor/bootstrap/css/bootstrap.min.css
[2016-08-24 17:31:32]GET /dist/css/flat-ui.css
[2016-08-24 17:31:32]GET /docs/assets/css/demo.css
[2016-08-24 17:31:32]GET /dist/js/vendor/jquery.min.map
[2016-08-24 17:31:32]GET /docs/assets/img/demo/browser-2x.png
[2016-08-24 17:31:32]GET /dist/img/login/imac-2x.png
[2016-08-24 17:31:32]GET /dist/css/flat-ui.css.map